#
# There is insufficient memory for the Java Runtime Environment to continue.
# Native memory allocation (malloc) failed to allocate 1048576 bytes for AllocateHeap
# Possible reasons:
#   The system is out of physical RAM or swap space
#   The process is running with CompressedOops enabled, and the Java Heap may be blocking the growth of the native heap
# Possible solutions:
#   Reduce memory load on the system
#   Increase physical memory or swap space
#   Check if swap backing store is full
#   Decrease Java heap size (-Xmx/-Xms)
#   Decrease number of Java threads
#   Decrease Java thread stack sizes (-Xss)
#   Set larger code cache with -XX:ReservedCodeCacheSize=
#   JVM is running with Unscaled Compressed Oops mode in which the Java heap is
#     placed in the first 4GB address space. The Java Heap base address is the
#     maximum limit for the native heap growth. Please use -XX:HeapBaseMinAddress
#     to set the Java Heap base and to place the Java Heap above 4GB virtual address.
# This output file may be truncated or incomplete.
#
#  Out of Memory Error (memory/allocation.inline.hpp:61), pid=16268, tid=0x0000000000004af8
#
# JRE version:  (8.0_241-b07) (build )
# Java VM: Java HotSpot(TM) 64-Bit Server VM (25.241-b07 mixed mode windows-amd64 compressed oops)
# Failed to write core dump. Minidumps are not enabled by default on client versions of Windows
#

---------------  T H R E A D  ---------------

Current thread (0x0000000002bf4000):  JavaThread "Unknown thread" [_thread_in_vm, id=19192, stack(0x0000000002a30000,0x0000000002b30000)]

Stack: [0x0000000002a30000,0x0000000002b30000]
[error occurred during error reporting (printing stack bounds), id 0xc0000005]

Native frames: (J=compiled Java code, j=interpreted, Vv=VM code, C=native code)


---------------  P R O C E S S  ---------------

Java Threads: ( => current thread )

Other Threads:

=>0x0000000002bf4000 (exited) JavaThread "Unknown thread" [_thread_in_vm, id=19192, stack(0x0000000002a30000,0x0000000002b30000)]

VM state:not at safepoint (normal execution)

VM Mutex/Monitor currently owned by a thread: None

heap address: 0x00000000c1600000, size: 1002 MB, Compressed Oops mode: 32-bit
Narrow klass base: 0x0000000000000000, Narrow klass shift: 3
Compressed class space size: 1073741824 Address: 0x0000000100000000

Heap:
 PSYoungGen      total 18944K, used 327K [0x00000000eb200000, 0x00000000ec700000, 0x0000000100000000)
  eden space 16384K, 2% used [0x00000000eb200000,0x00000000eb251ec8,0x00000000ec200000)
  from space 2560K, 0% used [0x00000000ec480000,0x00000000ec480000,0x00000000ec700000)
  to   space 2560K, 0% used [0x00000000ec200000,0x00000000ec200000,0x00000000ec480000)
 ParOldGen       total 44032K, used 0K [0x00000000c1600000, 0x00000000c4100000, 0x00000000eb200000)
  object space 44032K, 0% used [0x00000000c1600000,0x00000000c1600000,0x00000000c4100000)
 Metaspace       used 776K, capacity 4480K, committed 4480K, reserved 1056768K
  class space    used 76K, capacity 384K, committed 384K, reserved 1048576K

Card table byte_map: [0x00000000120b0000,0x00000000122b0000] byte_map_base: 0x0000000011aa5000

Marking Bits: (ParMarkBitMap*) 0x0000000052bebe30
 Begin Bits: [0x0000000012800000, 0x00000000137a8000)
 End Bits:   [0x00000000137a8000, 0x0000000014750000)

Polling page: 0x0000000000e10000

CodeCache: size=245760Kb used=328Kb max_used=328Kb free=245431Kb
 bounds [0x0000000002cf0000, 0x0000000002f60000, 0x0000000011cf0000]
 total_blobs=58 nmethods=0 adapters=38
 compilation: enabled

Compilation events (0 events):
No events

GC Heap History (0 events):
No events

Deoptimization events (0 events):
No events

Classes redefined (0 events):
No events

Internal exceptions (0 events):
No events

Events (10 events):
Event: 0.095 loading class java/lang/Short
Event: 0.095 loading class java/lang/Short done
Event: 0.095 loading class java/lang/Integer
Event: 0.096 loading class java/lang/Integer done
Event: 0.096 loading class java/lang/Long
Event: 0.097 loading class java/lang/Long done
Event: 0.099 loading class java/lang/NullPointerException
Event: 0.099 loading class java/lang/NullPointerException done
Event: 0.099 loading class java/lang/ArithmeticException
Event: 0.099 loading class java/lang/ArithmeticException done


Dynamic libraries:
0x00007ff64ca00000 - 0x00007ff64ca37000 	C:\Program Files\Java\jdk1.8.0_241\bin\javaw.exe
0x00007ff8dac40000 - 0x00007ff8dae30000 	C:\Windows\SYSTEM32\ntdll.dll
0x00007ff8d94b0000 - 0x00007ff8d9562000 	C:\Windows\System32\KERNEL32.DLL
0x00007ff8d7ed0000 - 0x00007ff8d8174000 	C:\Windows\System32\KERNELBASE.dll
0x00007ff8d9bc0000 - 0x00007ff8d9c63000 	C:\Windows\System32\ADVAPI32.dll
0x00007ff8d99e0000 - 0x00007ff8d9a7e000 	C:\Windows\System32\msvcrt.dll
0x00007ff8d8fb0000 - 0x00007ff8d9047000 	C:\Windows\System32\sechost.dll
0x00007ff8d9c70000 - 0x00007ff8d9d90000 	C:\Windows\System32\RPCRT4.dll
0x00007ff8d8e00000 - 0x00007ff8d8f94000 	C:\Windows\System32\USER32.dll
0x00007ff8d8cc0000 - 0x00007ff8d8ce1000 	C:\Windows\System32\win32u.dll
0x00007ff8d93b0000 - 0x00007ff8d93d6000 	C:\Windows\System32\GDI32.dll
0x00007ff8d8950000 - 0x00007ff8d8ae4000 	C:\Windows\System32\gdi32full.dll
0x00007ff8d7e30000 - 0x00007ff8d7ece000 	C:\Windows\System32\msvcp_win.dll
0x00007ff8d7ce0000 - 0x00007ff8d7dda000 	C:\Windows\System32\ucrtbase.dll
0x00007ff8cdc40000 - 0x00007ff8cdec4000 	C:\Windows\WinSxS\amd64_microsoft.windows.common-controls_6595b64144ccf1df_6.0.18362.836_none_e6c4b943130f18ed\COMCTL32.dll
0x00007ff8d95f0000 - 0x00007ff8d9926000 	C:\Windows\System32\combase.dll
0x00007ff8d8af0000 - 0x00007ff8d8b70000 	C:\Windows\System32\bcryptPrimitives.dll
0x00007ff8d91c0000 - 0x00007ff8d91ee000 	C:\Windows\System32\IMM32.DLL
0x0000000052c70000 - 0x0000000052d42000 	C:\Program Files\Java\jdk1.8.0_241\jre\bin\msvcr100.dll
0x00000000523c0000 - 0x0000000052c6c000 	C:\Program Files\Java\jdk1.8.0_241\jre\bin\server\jvm.dll
0x00007ff8d91b0000 - 0x00007ff8d91b8000 	C:\Windows\System32\PSAPI.DLL
0x00007ff8c82d0000 - 0x00007ff8c82d9000 	C:\Windows\SYSTEM32\WSOCK32.dll
0x00007ff8d90c0000 - 0x00007ff8d912f000 	C:\Windows\System32\WS2_32.dll
0x00007ff8ce920000 - 0x00007ff8ce944000 	C:\Windows\SYSTEM32\WINMM.dll
0x00007ff8ce7a0000 - 0x00007ff8ce7aa000 	C:\Windows\SYSTEM32\VERSION.dll
0x00007ff8ce830000 - 0x00007ff8ce85d000 	C:\Windows\SYSTEM32\WINMMBASE.dll
0x00007ff8d7de0000 - 0x00007ff8d7e2a000 	C:\Windows\System32\cfgmgr32.dll
0x00007ff8d39a0000 - 0x00007ff8d39af000 	C:\Program Files\Java\jdk1.8.0_241\jre\bin\verify.dll
0x00007ff8d2400000 - 0x00007ff8d2429000 	C:\Program Files\Java\jdk1.8.0_241\jre\bin\java.dll
0x00007ff8d3760000 - 0x00007ff8d3776000 	C:\Program Files\Java\jdk1.8.0_241\jre\bin\zip.dll

VM Arguments:
jvm_args: -Dcom.sun.management.jmxremote -Dcom.sun.management.jmxremote.port=65475 -Dcom.sun.management.jmxremote.authenticate=false -Dcom.sun.management.jmxremote.ssl=false -Djava.rmi.server.hostname=localhost -Dspring.jmx.enabled=true -Dspring.liveBeansView.mbeanDomain -Dspring.application.admin.enabled=true -Xverify:none -XX:TieredStopAtLevel=1 -Dfile.encoding=UTF-8 
java_command: com.example.demojms.DemoJmsApplication --spring.output.ansi.enabled=always
java_class_path (initial): C:\projetos\mensageria-exemplos\PoC-ActiveMQ-Spring\001-demo-jms-activemq-spring\target\classes;C:\Users\marco\.m2\repository\org\springframework\boot\spring-boot-starter-activemq\2.0.0.RELEASE\spring-boot-starter-activemq-2.0.0.RELEASE.jar;C:\Users\marco\.m2\repository\org\springframework\boot\spring-boot-starter\2.0.0.RELEASE\spring-boot-starter-2.0.0.RELEASE.jar;C:\Users\marco\.m2\repository\org\springframework\boot\spring-boot\2.0.0.RELEASE\spring-boot-2.0.0.RELEASE.jar;C:\Users\marco\.m2\repository\org\springframework\spring-context\5.0.4.RELEASE\spring-context-5.0.4.RELEASE.jar;C:\Users\marco\.m2\repository\org\springframework\spring-aop\5.0.4.RELEASE\spring-aop-5.0.4.RELEASE.jar;C:\Users\marco\.m2\repository\org\springframework\spring-expression\5.0.4.RELEASE\spring-expression-5.0.4.RELEASE.jar;C:\Users\marco\.m2\repository\org\springframework\boot\spring-boot-autoconfigure\2.0.0.RELEASE\spring-boot-autoconfigure-2.0.0.RELEASE.jar;C:\Users\marco\.m2\repository\org\springframework\boot\spring-boot-starter-logging\2.0.0.RELEASE\spring-boot-starter-logging-2.0.0.RELEASE.jar;C:\Users\marco\.m2\repository\ch\qos\logback\logback-classic\1.2.3\logback-classic-1.2.3.jar;C:\Users\marco\.m2\repository\ch\qos\logback\logback-core\1.2.3\logback-core-1.2.3.jar;C:\Users\marco\.m2\repository\org\apache\logging\log4j\log4j-to-slf4j\2.10.0\log4j-to-slf4j-2.10.0.jar;C:\Users\marco\.m2\repository\org\apache\logging\log4j\log4j-api\2.10.0\log4j-api-2.10.0.jar;C:\Users\marco\.m2\repository\org\slf4j\jul-to-slf4j\1.7.25\jul-to-slf4j-1.7.25.jar;C:\Users\marco\.m2\repository\javax\annotation\javax.annotation-api\1.3.2\javax.annotation-api-1.3.2.jar;C:\Users\marco\.m2\repository\org\yaml\snakeyaml\1.19\snakeyaml-1.19.jar;C:\Users\marco\.m2\repository\org\springframework\spring-jms\5.0.4.RELEASE\spring-jms-5.0.4.RELEASE.jar;C:\Users\marco\.m2\repository\org\springframework\spring-beans\5.0.4.RELEASE\spring-beans-5.0.4.RELEASE.jar;C:\Users\marco\.m2\reposit
Launcher Type: SUN_STANDARD

Environment Variables:
JAVA_HOME=C:\Program Files\Java\jdk1.8.0_241
PATH=C:/Program Files/Java/jre1.8.0_241/bin/server;C:/Program Files/Java/jre1.8.0_241/bin;C:/Program Files/Java/jre1.8.0_241/lib/amd64;C:\Program Files (x86)\Common Files\Oracle\Java\javapath;C:\Windows\system32;C:\Windows;C:\Windows\System32\Wbem;C:\Windows\System32\WindowsPowerShell\v1.0\;C:\Windows\System32\OpenSSH\;C:\Program Files\Java\jdk1.8.0_241\bin;C:\Program Files\Git\cmd;C:\Program Files (x86)\Yarn\bin\;C:\Program Files\TortoiseGit\bin;C:\Program Files\PuTTY\;C:\Program Files\nodejs\;;C:\Program Files\Docker\Docker\resources\bin;C:\ProgramData\DockerDesktop\version-bin;C:\Users\marco\scoop\apps\maven\current\bin;C:\Users\marco\scoop\shims;C:\Users\marco\AppData\Local\Microsoft\WindowsApps;C:\Users\marco\AppData\Local\Programs\Microsoft VS Code\bin;C:\Users\marco\AppData\Local\Yarn\bin;C:\Users\marco\AppData\Roaming\npm;C:\Program Files\JetBrains\IntelliJ IDEA 2019.3.4\bin;;C:\ide\eclipse\sts-bundle\sts-3.9.9.RELEASE;
USERNAME=marco
OS=Windows_NT
PROCESSOR_IDENTIFIER=Intel64 Family 6 Model 69 Stepping 1, GenuineIntel



---------------  S Y S T E M  ---------------

OS: Windows 10.0 , 64 bit Build 18362 (10.0.18362.778)

CPU:total 4 (initial active 4) (2 cores per cpu, 2 threads per core) family 6 model 69 stepping 1, cmov, cx8, fxsr, mmx, sse, sse2, sse3, ssse3, sse4.1, sse4.2, popcnt, avx, avx2, aes, clmul, erms, lzcnt, ht, tsc, tscinvbit, bmi1, bmi2

Memory: 4k page, physical 4096184k(171196k free), swap 16679096k(5224k free)

vm_info: Java HotSpot(TM) 64-Bit Server VM (25.241-b07) for windows-amd64 JRE (1.8.0_241-b07), built on Dec 11 2019 10:21:40 by "rejava" with MS VC++ 10.0 (VS2010)

time: Wed May 20 19:07:46 2020
timezone: Hora Padrão de Buenos Aires
elapsed time: 0 seconds (0d 0h 0m 0s)

